[debug] [2021-04-29T09:09:36.185Z] ----------------------------------------------------------------------
[debug] [2021-04-29T09:09:36.187Z] Command:       C:\Program Files\nodejs\node.exe C:\Users\Darkhan\AppData\Roaming\npm\node_modules\firebase-tools\lib\bin\firebase.js login
[debug] [2021-04-29T09:09:36.187Z] CLI Version:   9.10.0
[debug] [2021-04-29T09:09:36.187Z] Platform:      win32
[debug] [2021-04-29T09:09:36.188Z] Node Version:  v12.19.0
[debug] [2021-04-29T09:09:36.189Z] Time:          Thu Apr 29 2021 15:09:36 GMT+0600 (GMT+06:00)
[debug] [2021-04-29T09:09:36.189Z] ----------------------------------------------------------------------
[debug] 
[info] i  Firebase optionally collects CLI usage and error reporting information to help improve our products. Data is collected in accordance with Google's privacy policy (https://policies.google.com/privacy) and is not used to identify you.
 
[info] i  To change your data collection preference at any time, run `firebase logout` and log in again. 
[info] 
[info] Visit this URL on this device to log in:
[info] https://accounts.google.com/o/oauth2/auth?client_id=563584335869-fgrhgmd47bqnekij5i8b5pr03ho849e6.apps.googleusercontent.com&scope=email%20openid%20https%3A%2F%2Fwww.googleapis.com%2Fauth%2Fcloudplatformprojects.readonly%20https%3A%2F%2Fwww.googleapis.com%2Fauth%2Ffirebase%20https%3A%2F%2Fwww.googleapis.com%2Fauth%2Fcloud-platform&response_type=code&state=922470698&redirect_uri=http%3A%2F%2Flocalhost%3A9005
[info] 
[info] Waiting for authentication...
[debug] [2021-04-29T09:14:56.527Z] Error: spawn cmd ENOENT
    at Process.ChildProcess._handle.onexit (internal/child_process.js:267:19)
    at onErrorNT (internal/child_process.js:469:16)
    at processTicksAndRejections (internal/process/task_queues.js:84:21)
[error] 
[error] Error: An unexpected error has occurred.
[debug] [2021-04-29T09:15:15.395Z] ----------------------------------------------------------------------
[debug] [2021-04-29T09:15:15.397Z] Command:       C:\Program Files\nodejs\node.exe C:\Users\Darkhan\AppData\Roaming\npm\node_modules\firebase-tools\lib\bin\firebase.js login
[debug] [2021-04-29T09:15:15.398Z] CLI Version:   9.10.0
[debug] [2021-04-29T09:15:15.398Z] Platform:      win32
[debug] [2021-04-29T09:15:15.398Z] Node Version:  v12.19.0
[debug] [2021-04-29T09:15:15.399Z] Time:          Thu Apr 29 2021 15:15:15 GMT+0600 (GMT+06:00)
[debug] [2021-04-29T09:15:15.400Z] ----------------------------------------------------------------------
[debug] 
[info] i  Firebase optionally collects CLI usage and error reporting information to help improve our products. Data is collected in accordance with Google's privacy policy (https://policies.google.com/privacy) and is not used to identify you.
 
[info] i  To change your data collection preference at any time, run `firebase logout` and log in again. 
[info] 
[info] Visit this URL on this device to log in:
[info] https://accounts.google.com/o/oauth2/auth?client_id=563584335869-fgrhgmd47bqnekij5i8b5pr03ho849e6.apps.googleusercontent.com&scope=email%20openid%20https%3A%2F%2Fwww.googleapis.com%2Fauth%2Fcloudplatformprojects.readonly%20https%3A%2F%2Fwww.googleapis.com%2Fauth%2Ffirebase%20https%3A%2F%2Fwww.googleapis.com%2Fauth%2Fcloud-platform&response_type=code&state=795047337&redirect_uri=http%3A%2F%2Flocalhost%3A9005
[info] 
[info] Waiting for authentication...
[debug] [2021-04-29T09:15:17.453Z] Error: spawn cmd ENOENT
    at Process.ChildProcess._handle.onexit (internal/child_process.js:267:19)
    at onErrorNT (internal/child_process.js:469:16)
    at processTicksAndRejections (internal/process/task_queues.js:84:21)
[error] 
[error] Error: An unexpected error has occurred.
